<?xml version="1.0" encoding="UTF-8"?>
<!-- Generated by org.testng.reporters.JUnitReportReporter -->
<testsuite hostname="LAPTOP-89BRLGSI" failures="0" tests="1" name="testPackage.ValidLoginTestCase" time="9.022" errors="0" timestamp="2023-12-10T11:57:13 IST" skipped="0">
  <testcase classname="testPackage.ValidLoginTestCase" name="validLogin" time="9.022"/>
</testsuite> <!-- testPackage.ValidLoginTestCase -->
