<?xml version="1.0" encoding="UTF-8"?>
<!-- Generated by org.testng.reporters.JUnitReportReporter -->
<testsuite hostname="LAPTOP-89BRLGSI" failures="0" tests="1" name="testPackage.CreateNewCustomer" time="17.143" errors="0" timestamp="2023-12-13T20:45:39 IST" skipped="0">
  <testcase classname="testPackage.CreateNewCustomer" name="create_ProjectAndCustomer" time="17.143"/>
</testsuite> <!-- testPackage.CreateNewCustomer -->
