<?xml version="1.0" encoding="UTF-8"?>
<!-- Generated by org.testng.reporters.JUnitReportReporter -->
<testsuite hostname="LAPTOP-89BRLGSI" failures="0" tests="1" name="testPackage.DeleteAll" time="10.516" errors="0" timestamp="2024-01-06T14:42:32 IST" skipped="0">
  <testcase classname="testPackage.DeleteAll" name="deleteMethod" time="10.516"/>
</testsuite> <!-- testPackage.DeleteAll -->
