<?xml version="1.0" encoding="UTF-8"?>
<!-- Generated by org.testng.reporters.JUnitReportReporter -->
<testsuite hostname="LAPTOP-89BRLGSI" failures="0" tests="1" name="testPackage.CreateNewUser" time="33.206" errors="0" timestamp="2024-01-06T14:42:32 IST" skipped="0">
  <testcase classname="testPackage.CreateNewUser" name="create_new_User" time="33.206"/>
</testsuite> <!-- testPackage.CreateNewUser -->
