<?xml version="1.0" encoding="UTF-8"?>
<!-- Generated by org.testng.reporters.JUnitReportReporter -->
<testsuite hostname="LAPTOP-89BRLGSI" failures="0" tests="1" name="asserstionTestPackage.ActiTimeLogin" time="9.830" errors="0" timestamp="2023-12-06T12:44:12 IST" skipped="0">
  <testcase classname="asserstionTestPackage.ActiTimeLogin" name="TestMethod" time="9.830">
    <system-out>
      <![CDATA[onTestStart
onTestSuccess]]>
    </system-out>
  </testcase> <!-- TestMethod -->
  <system-out>
    <![CDATA[onTestStart
onTestSuccess]]>
  </system-out>
</testsuite> <!-- asserstionTestPackage.ActiTimeLogin -->
