<?xml version="1.0" encoding="UTF-8"?>
<!-- Generated by org.testng.reporters.JUnitReportReporter -->
<testsuite hostname="LAPTOP-89BRLGSI" failures="0" tests="5" name="testNGAnnotationsAndFlags.ActiTimeDataProviderFlag" time="35.213" errors="0" timestamp="2023-12-07T12:56:16 IST" skipped="0">
  <testcase classname="testNGAnnotationsAndFlags.ActiTimeDataProviderFlag" name="invalidLogin" time="5.930"/>
  <testcase classname="testNGAnnotationsAndFlags.ActiTimeDataProviderFlag" name="invalidLogin" time="9.038"/>
  <testcase classname="testNGAnnotationsAndFlags.ActiTimeDataProviderFlag" name="invalidLogin" time="9.735"/>
  <testcase classname="testNGAnnotationsAndFlags.ActiTimeDataProviderFlag" name="invalidLogin" time="5.318"/>
  <testcase classname="testNGAnnotationsAndFlags.ActiTimeDataProviderFlag" name="invalidLogin" time="5.192"/>
</testsuite> <!-- testNGAnnotationsAndFlags.ActiTimeDataProviderFlag -->
