<?xml version="1.0" encoding="UTF-8"?>
<!-- Generated by org.testng.reporters.JUnitReportReporter -->
<testsuite hostname="LAPTOP-89BRLGSI" failures="0" tests="2" name="testNGAnnotationsAndFlags.GoogleSearchTest" time="21.432" errors="0" timestamp="2023-12-01T12:33:35 IST" skipped="0">
  <testcase classname="testNGAnnotationsAndFlags.GoogleSearchTest" name="search_java" time="10.608"/>
  <testcase classname="testNGAnnotationsAndFlags.GoogleSearchTest" name="search_selenium" time="10.824"/>
</testsuite> <!-- testNGAnnotationsAndFlags.GoogleSearchTest -->
