<?xml version="1.0" encoding="UTF-8"?>
<!-- Generated by org.testng.reporters.JUnitReportReporter -->
<testsuite hostname="LAPTOP-89BRLGSI" failures="0" tests="3" name="testNGAnnotationsAndFlags.DependsOnMethodFlag" time="0.030" errors="0" timestamp="2023-12-04T11:32:40 IST" skipped="0">
  <testcase classname="testNGAnnotationsAndFlags.DependsOnMethodFlag" name="logoutMethod" time="0.004">
    <system-out>
      <![CDATA[logged out]]>
    </system-out>
  </testcase> <!-- logoutMethod -->
  <testcase classname="testNGAnnotationsAndFlags.DependsOnMethodFlag" name="loginMethod" time="0.022">
    <system-out>
      <![CDATA[login]]>
    </system-out>
  </testcase> <!-- loginMethod -->
  <testcase classname="testNGAnnotationsAndFlags.DependsOnMethodFlag" name="createUserMethod" time="0.004">
    <system-out>
      <![CDATA[user created]]>
    </system-out>
  </testcase> <!-- createUserMethod -->
  <system-out>
    <![CDATA[login
user created
logged out]]>
  </system-out>
</testsuite> <!-- testNGAnnotationsAndFlags.DependsOnMethodFlag -->
