<?xml version="1.0" encoding="UTF-8"?>
<!-- Generated by org.testng.reporters.JUnitReportReporter -->
<testsuite hostname="LAPTOP-89BRLGSI" failures="0" tests="3" name="testNGAnnotationsAndFlags.Flags1" time="0.025" errors="0" timestamp="2023-12-02T12:19:23 IST" skipped="1">
  <testcase classname="testNGAnnotationsAndFlags.Flags1" name="Method1" time="0.021">
    <system-out>
      <![CDATA[method 1 from test 1]]>
    </system-out>
  </testcase> <!-- Method1 -->
  <testcase classname="testNGAnnotationsAndFlags.Flags1" name="Method2" time="0.004">
    <system-out>
      <![CDATA[method 2 from test 2]]>
    </system-out>
  </testcase> <!-- Method2 -->
  <testcase classname="testNGAnnotationsAndFlags.Flags1" name="Method3">
    <skipped/>
  </testcase> <!-- Method3 -->
  <system-out>
    <![CDATA[method 1 from test 1
method 2 from test 2]]>
  </system-out>
</testsuite> <!-- testNGAnnotationsAndFlags.Flags1 -->
