<?xml version="1.0" encoding="UTF-8"?>
<!-- Generated by org.testng.reporters.JUnitReportReporter -->
<testsuite hostname="LAPTOP-89BRLGSI" failures="0" tests="1" name="testNGExecutionPackage.SelectTest" time="12.323" errors="0" timestamp="2023-11-30T11:02:39 IST" skipped="0">
  <testcase classname="testNGExecutionPackage.SelectTest" name="selectTestMethod" time="12.323"/>
</testsuite> <!-- testNGExecutionPackage.SelectTest -->
