<?xml version="1.0" encoding="UTF-8"?>
<!-- Generated by org.testng.reporters.JUnitReportReporter -->
<testsuite hostname="LAPTOP-89BRLGSI" failures="0" tests="1" name="testNGExecutionPackage.SeleniumTest" time="20.897" errors="0" timestamp="2023-11-30T11:53:22 IST" skipped="0">
  <testcase classname="testNGExecutionPackage.SeleniumTest" name="selenium_Method" time="20.897"/>
</testsuite> <!-- testNGExecutionPackage.SeleniumTest -->
