<?xml version="1.0" encoding="UTF-8"?>
<!-- Generated by org.testng.reporters.JUnitReportReporter -->
<testsuite hostname="LAPTOP-89BRLGSI" failures="0" tests="1" name="testNGExecutionPackage.JavaTest" time="11.199" errors="0" timestamp="2023-11-30T11:53:22 IST" skipped="0">
  <testcase classname="testNGExecutionPackage.JavaTest" name="java_method" time="11.199"/>
</testsuite> <!-- testNGExecutionPackage.JavaTest -->
