<?xml version="1.0" encoding="UTF-8"?>
<!-- Generated by org.testng.reporters.JUnitReportReporter -->
<testsuite hostname="LAPTOP-89BRLGSI" failures="0" tests="1" name="testNGExecutionPackage.SeleniumTest" time="15.040" errors="0" timestamp="2023-11-28T12:52:26 IST" skipped="0">
  <testcase classname="testNGExecutionPackage.SeleniumTest" name="selenium_Method" time="15.040"/>
</testsuite> <!-- testNGExecutionPackage.SeleniumTest -->
