<?xml version="1.0" encoding="UTF-8"?>
<!-- Generated by org.testng.reporters.JUnitReportReporter -->
<testsuite hostname="LAPTOP-89BRLGSI" failures="0" tests="2" name="testNGAnnotationsAndFlags.AnnotationsClass" time="0.025" errors="0" timestamp="2023-12-01T12:11:23 IST" skipped="0">
  <testcase classname="testNGAnnotationsAndFlags.AnnotationsClass" name="annotationTestMethod" time="0.005">
    <system-out>
      <![CDATA[Test annotation]]>
    </system-out>
  </testcase> <!-- annotationTestMethod -->
  <testcase classname="testNGAnnotationsAndFlags.AnnotationsClass" name="annotationTest2Method" time="0.020">
    <system-out>
      <![CDATA[Test2 annotation]]>
    </system-out>
  </testcase> <!-- annotationTest2Method -->
  <system-out>
    <![CDATA[ BeforeSuite annotation
 BeforeTest annotation
 BeforeClass annotation
 BeforeMethod annotation
Test2 annotation
 AfterMethod annotation
 BeforeMethod annotation
Test annotation
 AfterMethod annotation
 AfterClass annotation
 AfterTest annotation
 AfterSuite annotation]]>
  </system-out>
</testsuite> <!-- testNGAnnotationsAndFlags.AnnotationsClass -->
