<?xml version="1.0" encoding="UTF-8"?>
<!-- Generated by org.testng.reporters.JUnitReportReporter -->
<testsuite hostname="LAPTOP-89BRLGSI" failures="0" tests="4" name="testNGAnnotationsAndFlags.Flag3" time="0.042" errors="0" timestamp="2023-12-02T20:03:07 IST" skipped="0">
  <testcase classname="testNGAnnotationsAndFlags.Flag3" name="z" time="0.030">
    <system-out>
      <![CDATA[z]]>
    </system-out>
  </testcase> <!-- z -->
  <testcase classname="testNGAnnotationsAndFlags.Flag3" name="a" time="0.005">
    <system-out>
      <![CDATA[a]]>
    </system-out>
  </testcase> <!-- a -->
  <testcase classname="testNGAnnotationsAndFlags.Flag3" name="t" time="0.003">
    <system-out>
      <![CDATA[t]]>
    </system-out>
  </testcase> <!-- t -->
  <testcase classname="testNGAnnotationsAndFlags.Flag3" name="h" time="0.004">
    <system-out>
      <![CDATA[h]]>
    </system-out>
  </testcase> <!-- h -->
  <system-out>
    <![CDATA[z
a
h
t]]>
  </system-out>
</testsuite> <!-- testNGAnnotationsAndFlags.Flag3 -->
