<?xml version="1.0" encoding="UTF-8"?>
<!-- Generated by org.testng.reporters.JUnitReportReporter -->
<testsuite hostname="LAPTOP-89BRLGSI" failures="0" tests="1" name="testNGExecutionPackage.SqlTest" time="17.515" errors="0" timestamp="2023-11-28T12:52:26 IST" skipped="0">
  <testcase classname="testNGExecutionPackage.SqlTest" name="sql_method" time="17.515"/>
</testsuite> <!-- testNGExecutionPackage.SqlTest -->
