<?xml version="1.0" encoding="UTF-8"?>
<!-- Generated by org.testng.reporters.JUnitReportReporter -->
<testsuite hostname="LAPTOP-89BRLGSI" failures="0" tests="12" name="testNGAnnotationsAndFlags.GroupFlag" time="0.058" errors="0" timestamp="2023-12-04T12:36:18 IST" skipped="0">
  <testcase classname="testNGAnnotationsAndFlags.GroupFlag" name="st2" time="0.002">
    <system-out>
      <![CDATA[st2 method]]>
    </system-out>
  </testcase> <!-- st2 -->
  <testcase classname="testNGAnnotationsAndFlags.GroupFlag" name="it6" time="0.003">
    <system-out>
      <![CDATA[it6 method]]>
    </system-out>
  </testcase> <!-- it6 -->
  <testcase classname="testNGAnnotationsAndFlags.GroupFlag" name="st4" time="0.003">
    <system-out>
      <![CDATA[st4 method]]>
    </system-out>
  </testcase> <!-- st4 -->
  <testcase classname="testNGAnnotationsAndFlags.GroupFlag" name="it1" time="0.023">
    <system-out>
      <![CDATA[it1 method]]>
    </system-out>
  </testcase> <!-- it1 -->
  <testcase classname="testNGAnnotationsAndFlags.GroupFlag" name="it4" time="0.002">
    <system-out>
      <![CDATA[it4 method]]>
    </system-out>
  </testcase> <!-- it4 -->
  <testcase classname="testNGAnnotationsAndFlags.GroupFlag" name="it5" time="0.004">
    <system-out>
      <![CDATA[it5 method]]>
    </system-out>
  </testcase> <!-- it5 -->
  <testcase classname="testNGAnnotationsAndFlags.GroupFlag" name="it2" time="0.003">
    <system-out>
      <![CDATA[it2 method]]>
    </system-out>
  </testcase> <!-- it2 -->
  <testcase classname="testNGAnnotationsAndFlags.GroupFlag" name="st3" time="0.003">
    <system-out>
      <![CDATA[st3 method]]>
    </system-out>
  </testcase> <!-- st3 -->
  <testcase classname="testNGAnnotationsAndFlags.GroupFlag" name="st1" time="0.003">
    <system-out>
      <![CDATA[st1 method]]>
    </system-out>
  </testcase> <!-- st1 -->
  <testcase classname="testNGAnnotationsAndFlags.GroupFlag" name="st5" time="0.004">
    <system-out>
      <![CDATA[st5 method]]>
    </system-out>
  </testcase> <!-- st5 -->
  <testcase classname="testNGAnnotationsAndFlags.GroupFlag" name="it3" time="0.005">
    <system-out>
      <![CDATA[it3 method]]>
    </system-out>
  </testcase> <!-- it3 -->
  <testcase classname="testNGAnnotationsAndFlags.GroupFlag" name="st6" time="0.003">
    <system-out>
      <![CDATA[st6 method]]>
    </system-out>
  </testcase> <!-- st6 -->
  <system-out>
    <![CDATA[it1 method
it2 method
it3 method
it4 method
it5 method
it6 method
st1 method
st2 method
st3 method
st4 method
st5 method
st6 method]]>
  </system-out>
</testsuite> <!-- testNGAnnotationsAndFlags.GroupFlag -->
