<?xml version="1.0" encoding="UTF-8"?>
<!-- Generated by org.testng.reporters.JUnitReportReporter -->
<testsuite hostname="LAPTOP-89BRLGSI" failures="0" tests="2" name="testNGPackage.Sumo" time="0.006" errors="0" timestamp="2023-11-28T12:14:04 IST" skipped="0">
  <testcase classname="testNGPackage.Sumo" name="method1" time="0.004">
    <system-out>
      <![CDATA[Method1 from Sumo class]]>
    </system-out>
  </testcase> <!-- method1 -->
  <testcase classname="testNGPackage.Sumo" name="method2" time="0.002">
    <system-out>
      <![CDATA[Method2 from Sumo class]]>
    </system-out>
  </testcase> <!-- method2 -->
  <system-out>
    <![CDATA[method 1 from demo class
method 2 from demo class
Method 1 from Remo class
method2 from Remo class
Method1 from Sumo class
Method2 from Sumo class]]>
  </system-out>
</testsuite> <!-- testNGPackage.Sumo -->
