<?xml version="1.0" encoding="UTF-8"?>
<!-- Generated by org.testng.reporters.JUnitReportReporter -->
<testsuite hostname="LAPTOP-89BRLGSI" failures="0" tests="2" name="testNGPackage.Remo" time="0.007" errors="0" timestamp="2023-11-28T12:14:04 IST" skipped="0">
  <testcase classname="testNGPackage.Remo" name="method2" time="0.004">
    <system-out>
      <![CDATA[method2 from Remo class]]>
    </system-out>
  </testcase> <!-- method2 -->
  <testcase classname="testNGPackage.Remo" name="method1" time="0.003">
    <system-out>
      <![CDATA[Method 1 from Remo class]]>
    </system-out>
  </testcase> <!-- method1 -->
  <system-out>
    <![CDATA[method 1 from demo class
method 2 from demo class
Method 1 from Remo class
method2 from Remo class
Method1 from Sumo class
Method2 from Sumo class]]>
  </system-out>
</testsuite> <!-- testNGPackage.Remo -->
