<?xml version="1.0" encoding="UTF-8"?>
<!-- Generated by org.testng.reporters.JUnitReportReporter -->
<testsuite hostname="LAPTOP-89BRLGSI" failures="0" tests="2" name="testNGExecutionPackage.Test2" time="0.055" errors="0" timestamp="2023-11-30T12:10:51 IST" skipped="0">
  <testcase classname="testNGExecutionPackage.Test2" name="method2" time="0.028">
    <system-out>
      <![CDATA[method 2 from Test2 class7]]>
    </system-out>
  </testcase> <!-- method2 -->
  <testcase classname="testNGExecutionPackage.Test2" name="method1" time="0.027">
    <system-out>
      <![CDATA[method 1 from Test2 class]]>
    </system-out>
  </testcase> <!-- method1 -->
  <system-out>
    <![CDATA[method 2 from Test3 class
method 1 from Test1 class
method 2 from Test2 class7
method 1 from Test2 class
method 1 from Test3 class
method 2 from Test1 class]]>
  </system-out>
</testsuite> <!-- testNGExecutionPackage.Test2 -->
